# JRE version: OpenJDK Runtime Environment Temurin-21.0.6+7 (21.0.6+7) (build 21.0.6+7-LTS)
# Java VM: OpenJDK 64-Bit Server VM Temurin-21.0.6+7 (21.0.6+7-LTS, mixed mode, sharing, tiered, compressed oops, compressed class ptrs, parallel gc, windows-amd64)
GC Precious Log:
 CardTable entry size: 512
 CPUs: 4 total, 4 available
 Memory: 16275M
 Large Page Support: Disabled
 NUMA Support: Disabled
 Compressed Oops: Enabled (32-bit)
 Alignments: Space 512K, Generation 512K, Heap 2M
 Heap Min Capacity: 100M
 Heap Initial Capacity: 100M
 Heap Max Capacity: 2G
 Pre-touch: Disabled
 Parallel Workers: 4
Heap:
 PSYoungGen      total 11264K, used 11189K [0x00000000d5580000, 0x00000000d6600000, 0x0000000100000000)
  eden space 7680K, 99% used [0x00000000d5580000,0x00000000d5cf0568,0x00000000d5d00000)
  from space 3584K, 99% used [0x00000000d5d00000,0x00000000d607d200,0x00000000d6080000)
  to   space 4608K, 0% used [0x00000000d6180000,0x00000000d6180000,0x00000000d6600000)
 ParOldGen       total 1371136K, used 1370789K [0x0000000080000000, 0x00000000d3b00000, 0x00000000d5580000)
  object space 1371136K, 99% used [0x0000000080000000,0x00000000d3aa94b8,0x00000000d3b00000)
 Metaspace       used 103857K, committed 105920K, reserved 1179648K
  class space    used 10413K, committed 11392K, reserved 1048576K
GC Heap History (20 events):
Event: 4772.170 GC heap before
{Heap before GC invocations=5172 (full 6):
 PSYoungGen      total 9216K, used 7968K [0x00000000d5580000, 0x00000000d6480000, 0x0000000100000000)
  eden space 7680K, 100% used [0x00000000d5580000,0x00000000d5d00000,0x00000000d5d00000)
  from space 1536K, 18% used [0x00000000d6200000,0x00000000d6248000,0x00000000d6380000)
  to   space 1024K, 0% used [0x00000000d6380000,0x00000000d6380000,0x00000000d6480000)
 ParOldGen       total 1364480K, used 1364071K [0x0000000080000000, 0x00000000d3480000, 0x00000000d5580000)
  object space 1364480K, 99% used [0x0000000080000000,0x00000000d3419e88,0x00000000d3480000)
 Metaspace       used 103830K, committed 105856K, reserved 1179648K
  class space    used 10413K, committed 11392K, reserved 1048576K
}
Event: 4772.174 GC heap after
{Heap after GC invocations=5172 (full 6):
 PSYoungGen      total 8192K, used 260K [0x00000000d5580000, 0x00000000d6400000, 0x0000000100000000)
  eden space 7680K, 0% used [0x00000000d5580000,0x00000000d5580000,0x00000000d5d00000)
  from space 512K, 50% used [0x00000000d6380000,0x00000000d63c1210,0x00000000d6400000)
  to   space 512K, 0% used [0x00000000d6300000,0x00000000d6300000,0x00000000d6380000)
 ParOldGen       total 1364480K, used 1364333K [0x0000000080000000, 0x00000000d3480000, 0x00000000d5580000)
  object space 1364480K, 99% used [0x0000000080000000,0x00000000d345b608,0x00000000d3480000)
 Metaspace       used 103830K, committed 105856K, reserved 1179648K
  class space    used 10413K, committed 11392K, reserved 1048576K
}
Event: 4772.203 GC heap before
{Heap before GC invocations=5173 (full 6):
 PSYoungGen      total 8192K, used 7940K [0x00000000d5580000, 0x00000000d6400000, 0x0000000100000000)
  eden space 7680K, 100% used [0x00000000d5580000,0x00000000d5d00000,0x00000000d5d00000)
  from space 512K, 50% used [0x00000000d6380000,0x00000000d63c1210,0x00000000d6400000)
  to   space 512K, 0% used [0x00000000d6300000,0x00000000d6300000,0x00000000d6380000)
 ParOldGen       total 1364480K, used 1364333K [0x0000000080000000, 0x00000000d3480000, 0x00000000d5580000)
  object space 1364480K, 99% used [0x0000000080000000,0x00000000d345b608,0x00000000d3480000)
 Metaspace       used 103831K, committed 105856K, reserved 1179648K
  class space    used 10413K, committed 11392K, reserved 1048576K
}
Event: 4772.208 GC heap after
{Heap after GC invocations=5173 (full 6):
 PSYoungGen      total 8192K, used 506K [0x00000000d5580000, 0x00000000d6400000, 0x0000000100000000)
  eden space 7680K, 0% used [0x00000000d5580000,0x00000000d5580000,0x00000000d5d00000)
  from space 512K, 98% used [0x00000000d6300000,0x00000000d637e900,0x00000000d6380000)
  to   space 512K, 0% used [0x00000000d6380000,0x00000000d6380000,0x00000000d6400000)
 ParOldGen       total 1364480K, used 1364429K [0x0000000080000000, 0x00000000d3480000, 0x00000000d5580000)
  object space 1364480K, 99% used [0x0000000080000000,0x00000000d3473608,0x00000000d3480000)
 Metaspace       used 103831K, committed 105856K, reserved 1179648K
  class space    used 10413K, committed 11392K, reserved 1048576K
}
Event: 4775.044 GC heap before
{Heap before GC invocations=5174 (full 6):
 PSYoungGen      total 8192K, used 8186K [0x00000000d5580000, 0x00000000d6400000, 0x0000000100000000)
  eden space 7680K, 100% used [0x00000000d5580000,0x00000000d5d00000,0x00000000d5d00000)
  from space 512K, 98% used [0x00000000d6300000,0x00000000d637e900,0x00000000d6380000)
  to   space 512K, 0% used [0x00000000d6380000,0x00000000d6380000,0x00000000d6400000)
 ParOldGen       total 1364480K, used 1364429K [0x0000000080000000, 0x00000000d3480000, 0x00000000d5580000)
  object space 1364480K, 99% used [0x0000000080000000,0x00000000d3473608,0x00000000d3480000)
 Metaspace       used 103831K, committed 105856K, reserved 1179648K
  class space    used 10413K, committed 11392K, reserved 1048576K
}
Event: 4775.047 GC heap after
{Heap after GC invocations=5174 (full 6):
 PSYoungGen      total 8192K, used 320K [0x00000000d5580000, 0x00000000d6400000, 0x0000000100000000)
  eden space 7680K, 0% used [0x00000000d5580000,0x00000000d5580000,0x00000000d5d00000)
  from space 512K, 62% used [0x00000000d6380000,0x00000000d63d0000,0x00000000d6400000)
  to   space 512K, 0% used [0x00000000d6300000,0x00000000d6300000,0x00000000d6380000)
 ParOldGen       total 1364992K, used 1364898K [0x0000000080000000, 0x00000000d3500000, 0x00000000d5580000)
  object space 1364992K, 99% used [0x0000000080000000,0x00000000d34e8818,0x00000000d3500000)
 Metaspace       used 103831K, committed 105856K, reserved 1179648K
  class space    used 10413K, committed 11392K, reserved 1048576K
}
Event: 4775.932 GC heap before
{Heap before GC invocations=5175 (full 6):
 PSYoungGen      total 8192K, used 8000K [0x00000000d5580000, 0x00000000d6400000, 0x0000000100000000)
  eden space 7680K, 100% used [0x00000000d5580000,0x00000000d5d00000,0x00000000d5d00000)
  from space 512K, 62% used [0x00000000d6380000,0x00000000d63d0000,0x00000000d6400000)
  to   space 512K, 0% used [0x00000000d6300000,0x00000000d6300000,0x00000000d6380000)
 ParOldGen       total 1364992K, used 1364898K [0x0000000080000000, 0x00000000d3500000, 0x00000000d5580000)
  object space 1364992K, 99% used [0x0000000080000000,0x00000000d34e8818,0x00000000d3500000)
 Metaspace       used 103831K, committed 105856K, reserved 1179648K
  class space    used 10413K, committed 11392K, reserved 1048576K
}
Event: 4775.935 GC heap after
{Heap after GC invocations=5175 (full 6):
 PSYoungGen      total 8192K, used 346K [0x00000000d5580000, 0x00000000d6400000, 0x0000000100000000)
  eden space 7680K, 0% used [0x00000000d5580000,0x00000000d5580000,0x00000000d5d00000)
  from space 512K, 67% used [0x00000000d6300000,0x00000000d6356900,0x00000000d6380000)
  to   space 512K, 0% used [0x00000000d6380000,0x00000000d6380000,0x00000000d6400000)
 ParOldGen       total 1365504K, used 1365103K [0x0000000080000000, 0x00000000d3580000, 0x00000000d5580000)
  object space 1365504K, 99% used [0x0000000080000000,0x00000000d351bf98,0x00000000d3580000)
 Metaspace       used 103831K, committed 105856K, reserved 1179648K
  class space    used 10413K, committed 11392K, reserved 1048576K
}
Event: 4779.642 GC heap before
{Heap before GC invocations=5176 (full 6):
 PSYoungGen      total 8192K, used 8026K [0x00000000d5580000, 0x00000000d6400000, 0x0000000100000000)
  eden space 7680K, 100% used [0x00000000d5580000,0x00000000d5d00000,0x00000000d5d00000)
  from space 512K, 67% used [0x00000000d6300000,0x00000000d6356900,0x00000000d6380000)
  to   space 512K, 0% used [0x00000000d6380000,0x00000000d6380000,0x00000000d6400000)
 ParOldGen       total 1365504K, used 1365103K [0x0000000080000000, 0x00000000d3580000, 0x00000000d5580000)
  object space 1365504K, 99% used [0x0000000080000000,0x00000000d351bf98,0x00000000d3580000)
 Metaspace       used 103831K, committed 105856K, reserved 1179648K
  class space    used 10413K, committed 11392K, reserved 1048576K
}
Event: 4779.649 GC heap after
{Heap after GC invocations=5176 (full 6):
 PSYoungGen      total 8192K, used 500K [0x00000000d5580000, 0x00000000d6400000, 0x0000000100000000)
  eden space 7680K, 0% used [0x00000000d5580000,0x00000000d5580000,0x00000000d5d00000)
  from space 512K, 97% used [0x00000000d6380000,0x00000000d63fd200,0x00000000d6400000)
  to   space 1024K, 0% used [0x00000000d6200000,0x00000000d6200000,0x00000000d6300000)
 ParOldGen       total 1365504K, used 1365127K [0x0000000080000000, 0x00000000d3580000, 0x00000000d5580000)
  object space 1365504K, 99% used [0x0000000080000000,0x00000000d3521f98,0x00000000d3580000)
 Metaspace       used 103831K, committed 105856K, reserved 1179648K
  class space    used 10413K, committed 11392K, reserved 1048576K
}
Event: 4780.037 GC heap before
{Heap before GC invocations=5177 (full 6):
 PSYoungGen      total 8192K, used 8180K [0x00000000d5580000, 0x00000000d6400000, 0x0000000100000000)
  eden space 7680K, 99% used [0x00000000d5580000,0x00000000d5cfffe0,0x00000000d5d00000)
  from space 512K, 97% used [0x00000000d6380000,0x00000000d63fd200,0x00000000d6400000)
  to   space 1024K, 0% used [0x00000000d6200000,0x00000000d6200000,0x00000000d6300000)
 ParOldGen       total 1365504K, used 1365127K [0x0000000080000000, 0x00000000d3580000, 0x00000000d5580000)
  object space 1365504K, 99% used [0x0000000080000000,0x00000000d3521f98,0x00000000d3580000)
 Metaspace       used 103831K, committed 105856K, reserved 1179648K
  class space    used 10413K, committed 11392K, reserved 1048576K
}
Event: 4780.040 GC heap after
{Heap after GC invocations=5177 (full 6):
 PSYoungGen      total 8704K, used 356K [0x00000000d5580000, 0x00000000d6400000, 0x0000000100000000)
  eden space 7680K, 0% used [0x00000000d5580000,0x00000000d5580000,0x00000000d5d00000)
  from space 1024K, 34% used [0x00000000d6200000,0x00000000d6259210,0x00000000d6300000)
  to   space 512K, 0% used [0x00000000d6380000,0x00000000d6380000,0x00000000d6400000)
 ParOldGen       total 1366016K, used 1365540K [0x0000000080000000, 0x00000000d3600000, 0x00000000d5580000)
  object space 1366016K, 99% used [0x0000000080000000,0x00000000d35891a8,0x00000000d3600000)
 Metaspace       used 103831K, committed 105856K, reserved 1179648K
  class space    used 10413K, committed 11392K, reserved 1048576K
}
Event: 4785.137 GC heap before
{Heap before GC invocations=5178 (full 6):
 PSYoungGen      total 8704K, used 8036K [0x00000000d5580000, 0x00000000d6400000, 0x0000000100000000)
  eden space 7680K, 100% used [0x00000000d5580000,0x00000000d5d00000,0x00000000d5d00000)
  from space 1024K, 34% used [0x00000000d6200000,0x00000000d6259210,0x00000000d6300000)
  to   space 512K, 0% used [0x00000000d6380000,0x00000000d6380000,0x00000000d6400000)
 ParOldGen       total 1366016K, used 1365540K [0x0000000080000000, 0x00000000d3600000, 0x00000000d5580000)
  object space 1366016K, 99% used [0x0000000080000000,0x00000000d35891a8,0x00000000d3600000)
 Metaspace       used 103831K, committed 105856K, reserved 1179648K
  class space    used 10413K, committed 11392K, reserved 1048576K
}
Event: 4785.140 GC heap after
{Heap after GC invocations=5178 (full 6):
 PSYoungGen      total 8192K, used 224K [0x00000000d5580000, 0x00000000d6400000, 0x0000000100000000)
  eden space 7680K, 0% used [0x00000000d5580000,0x00000000d5580000,0x00000000d5d00000)
  from space 512K, 43% used [0x00000000d6380000,0x00000000d63b8000,0x00000000d6400000)
  to   space 512K, 0% used [0x00000000d6300000,0x00000000d6300000,0x00000000d6380000)
 ParOldGen       total 1366016K, used 1365620K [0x0000000080000000, 0x00000000d3600000, 0x00000000d5580000)
  object space 1366016K, 99% used [0x0000000080000000,0x00000000d359d1a8,0x00000000d3600000)
 Metaspace       used 103831K, committed 105856K, reserved 1179648K
  class space    used 10413K, committed 11392K, reserved 1048576K
}
Event: 4785.384 GC heap before
{Heap before GC invocations=5179 (full 6):
 PSYoungGen      total 8192K, used 7904K [0x00000000d5580000, 0x00000000d6400000, 0x0000000100000000)
  eden space 7680K, 100% used [0x00000000d5580000,0x00000000d5d00000,0x00000000d5d00000)
  from space 512K, 43% used [0x00000000d6380000,0x00000000d63b8000,0x00000000d6400000)
  to   space 512K, 0% used [0x00000000d6300000,0x00000000d6300000,0x00000000d6380000)
 ParOldGen       total 1366016K, used 1365620K [0x0000000080000000, 0x00000000d3600000, 0x00000000d5580000)
  object space 1366016K, 99% used [0x0000000080000000,0x00000000d359d1a8,0x00000000d3600000)
 Metaspace       used 103854K, committed 105920K, reserved 1179648K
  class space    used 10413K, committed 11392K, reserved 1048576K
}
Event: 4785.387 GC heap after
{Heap after GC invocations=5179 (full 6):
 PSYoungGen      total 8192K, used 506K [0x00000000d5580000, 0x00000000d6400000, 0x0000000100000000)
  eden space 7680K, 0% used [0x00000000d5580000,0x00000000d5580000,0x00000000d5d00000)
  from space 512K, 98% used [0x00000000d6300000,0x00000000d637e900,0x00000000d6380000)
  to   space 512K, 0% used [0x00000000d6380000,0x00000000d6380000,0x00000000d6400000)
 ParOldGen       total 1366016K, used 1365700K [0x0000000080000000, 0x00000000d3600000, 0x00000000d5580000)
  object space 1366016K, 99% used [0x0000000080000000,0x00000000d35b11a8,0x00000000d3600000)
 Metaspace       used 103854K, committed 105920K, reserved 1179648K
  class space    used 10413K, committed 11392K, reserved 1048576K
}
Event: 4785.448 GC heap before
{Heap before GC invocations=5180 (full 6):
 PSYoungGen      total 8192K, used 8186K [0x00000000d5580000, 0x00000000d6400000, 0x0000000100000000)
  eden space 7680K, 100% used [0x00000000d5580000,0x00000000d5d00000,0x00000000d5d00000)
  from space 512K, 98% used [0x00000000d6300000,0x00000000d637e900,0x00000000d6380000)
  to   space 512K, 0% used [0x00000000d6380000,0x00000000d6380000,0x00000000d6400000)
 ParOldGen       total 1366016K, used 1365700K [0x0000000080000000, 0x00000000d3600000, 0x00000000d5580000)
  object space 1366016K, 99% used [0x0000000080000000,0x00000000d35b11a8,0x00000000d3600000)
 Metaspace       used 103855K, committed 105920K, reserved 1179648K
  class space    used 10413K, committed 11392K, reserved 1048576K
}
Event: 4785.456 GC heap after
{Heap after GC invocations=5180 (full 6):
 PSYoungGen      total 8192K, used 491K [0x00000000d5580000, 0x00000000d6a00000, 0x0000000100000000)
  eden space 7680K, 0% used [0x00000000d5580000,0x00000000d5580000,0x00000000d5d00000)
  from space 512K, 95% used [0x00000000d6380000,0x00000000d63facf0,0x00000000d6400000)
  to   space 6656K, 0% used [0x00000000d5d00000,0x00000000d5d00000,0x00000000d6380000)
 ParOldGen       total 1371136K, used 1370653K [0x0000000080000000, 0x00000000d3b00000, 0x00000000d5580000)
  object space 1371136K, 99% used [0x0000000080000000,0x00000000d3a874b8,0x00000000d3b00000)
 Metaspace       used 103855K, committed 105920K, reserved 1179648K
  class space    used 10413K, committed 11392K, reserved 1048576K
}
Event: 4785.505 GC heap before
{Heap before GC invocations=5181 (full 6):
 PSYoungGen      total 8192K, used 8171K [0x00000000d5580000, 0x00000000d6a00000, 0x0000000100000000)
  eden space 7680K, 100% used [0x00000000d5580000,0x00000000d5d00000,0x00000000d5d00000)
  from space 512K, 95% used [0x00000000d6380000,0x00000000d63facf0,0x00000000d6400000)
  to   space 6656K, 0% used [0x00000000d5d00000,0x00000000d5d00000,0x00000000d6380000)
 ParOldGen       total 1371136K, used 1370653K [0x0000000080000000, 0x00000000d3b00000, 0x00000000d5580000)
  object space 1371136K, 99% used [0x0000000080000000,0x00000000d3a874b8,0x00000000d3b00000)
 Metaspace       used 103855K, committed 105920K, reserved 1179648K
  class space    used 10413K, committed 11392K, reserved 1048576K
}
Event: 4785.510 GC heap after
{Heap after GC invocations=5181 (full 6):
 PSYoungGen      total 11264K, used 3572K [0x00000000d5580000, 0x00000000d6600000, 0x0000000100000000)
  eden space 7680K, 0% used [0x00000000d5580000,0x00000000d5580000,0x00000000d5d00000)
  from space 3584K, 99% used [0x00000000d5d00000,0x00000000d607d200,0x00000000d6080000)
  to   space 4608K, 0% used [0x00000000d6180000,0x00000000d6180000,0x00000000d6600000)
 ParOldGen       total 1371136K, used 1370789K [0x0000000080000000, 0x00000000d3b00000, 0x00000000d5580000)
  object space 1371136K, 99% used [0x0000000080000000,0x00000000d3aa94b8,0x00000000d3b00000)
 Metaspace       used 103855K, committed 105920K, reserved 1179648K
  class space    used 10413K, committed 11392K, reserved 1048576K
}

